========================================================================================================================================================================================
NOTES
========================================================================================================================================================================================

pfSense swap em0 & em1 thru Option 1
em1 => WAN
em0 => LAN

========================================================================================================================================================================================

VirtualBox - adding dhcp server and configuring virtual machine

To add new DHCP server for specified local network, issue following command in the host's command line:
& 'C:\Program Files\Oracle\VirtualBox\VBoxManage.exe' dhcpserver add --netname intnet --ip 192.168.10.1 --netmask 255.255.255.0 --lowerip 192.168.10.61 --upperip 192.168.10.69 --global --min-lease-time=900 --default-lease-time=900 --max-lease-time=900 --enable
& 'C:\Program Files\Oracle\VirtualBox\VBoxManage.exe' list dhcpservers
The created virtual server will be named intnet.

In the virtual machine you have to configure network adapter to obtain IP address from the DHCP server. To do it just add following lines at the end of /etc/network/interface file:
auto eth1
iface eth1 inet dhcp

To remove created above DHCP server (named intnet) execute following command:
VBoxManage dhcpserver remove --netname intnet


Change the scope:
& 'C:\Program Files\Oracle\VirtualBox\VBoxManage.exe' dhcpserver modify --netname intnet --ip 192.168.10.1 --netmask 255.255.255.0 --lowerip 192.168.10.61 --upperip 192.168.10.69 --global --min-lease-time=900 --default-lease-time=900 --max-lease-time=900 --enable
& 'C:\Program Files\Oracle\VirtualBox\VBoxManage.exe' list dhcpservers

========================================================================================================================================================================================

https://app.vagrantup.com

vagrant package --base pfSense --output ./pfSense.box ; sha512sum pfSense.box > SHA512SUM
cd ~/vagrant/; ga
vagrant box add --force my-box file:///home/jcrochon/vagrant/pfSense/pfSense.box

vagrant package --base Ubuntu --output ./ubuntu.box ; sha512sum ubuntu.box > SHA512SUM
cd ~/vagrant/; ga
vagrant box add --force my-box file:///home/jcrochon/vagrant/ubuntu/ubuntu.box

vagrant package --base Kali --output ./kali.box ; sha512sum kali.box > SHA512SUM
cd ~/vagrant/; ga
vagrant box add --force my-box file:///home/jcrochon/vagrant/kali/kali.box

vagrant package --base owasp --output ./owasp.box ; sha512sum owasp.box > SHA512SUM
cd ~/vagrant/; ga
vagrant box add --force my-box file:///home/jcrochon/vagrant/owasp/owasp.box

vagrant package --base 'CyberOps Security Onion' --output ./onion.box ; sha512sum onion.box > SHA512SUM
cd ~/vagrant/; ga
vagrant box add --force my-box file:///home/jcrochon/vagrant/onion/onion.box

vagrant package --base 'CyberOps Security Onion' --output ./greenbone.box ; sha512sum greenbone.box > SHA512SUM
cd ~/vagrant/; ga
vagrant box add --force my-box file:///home/jcrochon/vagrant/greenbone/greenbone.box

vagrant box update

========================================================================================================================================================================================

git config --global user.name "prof-ninjason"
git config --global user.email "jrochon@waubonsee.edu"
git config --global core.autocrlf true
git config --list

git add .
git commit -a -m "updated"
git branch -M main
git remote add origin git@github.com:prof-ninjason/vagrant.git
git push -u origin main


========================================================================================================================================================================================


vagrant cloud provider upload ORGANIZATION/BOX-NAME PROVIDER-NAME VERSION BOX-FILE

# Less than 5GB
vagrant cloud provider upload prof-ninjason/greenbone virtualbox 1.0.0 greenbone.box


vagrant package --base 'xxx' --output ./win10.box ; sha512sum win10.box > SHA512SUM
cd ~/vagrant/; ga
vagrant box add --force my-box file:///home/jcrochon/vagrant/win10/win10.box
vagrant cloud provider upload prof-ninjason/win10 virtualbox 1.0.0 win10/win10.box



